(cmaxtime)Running: start_machine       [ exec-time = 0.043154 ms ]
(cmaxtime)Running: boil_water          [ exec-time = 0.118017 ms ]
(cmaxtime)Running: make_coffee         [ exec-time = 2.089 s ]
(cmaxtime)Running: start_machine       [ exec-time = 0.046968 ms ]
(cmaxtime)Running: boil_water          [ exec-time = 0.131130 ms ]
(cmaxtime)Running: make_coffee         [ exec-time = 2.087 s ]
(cmaxtime)Running: start_machine       [ exec-time = 0.031948 ms ]
(cmaxtime)Running: boil_water          [ exec-time = 0.102997 ms ]
(cmaxtime)Running: make_coffee         [ exec-time = 2.084 s ]
(cmaxtime)Running: start_machine       [ exec-time = 0.046730 ms ]
(cmaxtime)Running: boil_water          [ exec-time = 0.121832 ms ]
(cmaxtime)Running: make_coffee         [ exec-time = 2.090 s ]
(cmaxtime)Running: start_machine       [ exec-time = 0.066996 ms ]
(cmaxtime)Running: make_coffee         [ exec-time = 0.921965 ms ]
(cmaxtime)Running: start_machine       [ exec-time = 0.041008 ms ]
(cmaxtime)Running: make_coffee         [ exec-time = 0.504255 ms ]
(cmaxtime)Running: add_water           [ exec-time = 3.005 s ]
(cmaxtime)Running: start_machine       [ exec-time = 0.039 ms ]
(cmaxtime)Running: boil_water          [ exec-time = 0.142 ms ]
(cmaxtime)Running: make_coffee         [ exec-time = 2.086 s ]
(cmaxtime)Running: start_machine       [ exec-time = 0.049 ms ]
(cmaxtime)Running: boil_water          [ exec-time = 0.090 ms ]
(cmaxtime)Running: make_coffee         [ exec-time = 2.084 s ]
(cmaxtime)Running: start_machine       [ exec-time = 0.048 ms ]
(cmaxtime)Running: boil_water          [ exec-time = 0.109 ms ]
(cmaxtime)Running: make_coffee         [ exec-time = 2.084 s ]
(cmaxtime)Running: start_machine       [ exec-time = 0.038 ms ]
(cmaxtime)Running: boil_water          [ exec-time = 0.109 ms ]
(cmaxtime)Running: make_coffee         [ exec-time = 2.084 s ]
(cmaxtime)Running: start_machine       [ exec-time = 0.038 ms ]
(cmaxtime)Running: make_coffee         [ exec-time = 1.014 ms ]
(cmaxtime)Running: start_machine       [ exec-time = 0.094 ms ]
(cmaxtime)Running: make_coffee         [ exec-time = 0.674 ms ]
(cmaxtime)Running: add_water           [ exec-time = 3.005 s ]
